
=====================================
Results from Section 5.1 of the paper
=====================================

Normalized slowdown for SPEC 2017
---------------------------------
Benchmark Slowdown
500.perlbench 1.1018298434257687
502.gcc 1.1537553623714734
505.mcf 1.0465404054607836
508.namd 0.9884529963713492
510.parest 1.0044050604211259
511.povray 1.125511154112965
519.lbm 1.0226003659557166
520.omnetpp 1.1153505361917297
523.xalancbmk 1.228594254750078
525.x264 1.074086603518268
526.blender 0.9811218498780597
531.deepsjeng 0.9819017331138701
538.imagick 1.0000552870415904
541.leela 1.0273707397043574
544.nab 0.9829320462896944
557.xz 1.0452127659574468
Avg-slowdown 1.0549825627852674

Total gadget reduction for SPEC 2017
------------------------------------
Application Min Max Avg
500.perlbench_r 50.8 98.5 68.1
502.gcc_r 43.1 99.6 73.2
505.mcf_r 29.7 68.7 55.6
508.namd_r 73.7 93.7 87.7
510.parest_r 75.7 99.6 94.3
511.povray_r 35.5 96.8 54.8
519.lbm_r 45.8 60.6 54.9
520.omnetpp_r 52.5 98.4 79.3
523.xalancbmk_r 58.9 99.6 72.7
525.x264_r 19.4 95.6 37.8
526.blender_r 74.0 99.8 98.5
531.deepsjeng_r 23.2 65.9 62.6
538.imagick_r 39.0 99.2 88.5
541.leela_r 54.8 86.6 83.2
544.nab_r 68.6 92.0 87.2
557.xz_r 53.3 94.3 74.3
AVERAGE 49.9 90.6 73.3


=====================================
Results from Section 5.2 of the paper
=====================================

Total gadget reduction for GNU coreutils
----------------------------------------
Application Min Max Avg
bzip2 42.3 78.9 70.7
gzip 38.0 76.8 66.4
tar 48.4 86.8 80.7
grep 65.1 90.6 82.6
chown 88.3 97.3 96.0
date 95.0 97.5 96.9
mkdir 90.5 96.7 94.5
rm 87.9 98.7 96.8
sort 78.8 91.8 90.1
uniq 93.0 96.2 95.4
AVERAGE 72.7 91.1 87.0


=====================================
Results from Section 5.3 of the paper
=====================================

Transfer/sec degradation for nginx
----------------------------------
Test-case Slowdown
1mb 1.02862595419847328244
10mb 1.08289473684210526315
100mb 1.04966442953020134228
3s 1.05128205128205128204
30s 1.05882352941176470588
300s 1.02955665024630541871

Total gadget reduction for nginx
--------------------------------
Min Max Avg
50.5 95.3 79.5


=====================================
Results from Section 5.4 of the paper
=====================================

Binary size increase for SPEC 2017
----------------------------------
500.perlbench 2.2
502.gcc 2.5
505.mcf 1.8
508.namd 1.3
510.parest 3.2
511.povray 2.5
519.lbm 2.3
520.omnetpp 6.9
523.xalancbmk 5.8
525.x264 2.6
526.blender 4.8
531.deepsjeng 1.6
538.imagick 1.6
541.leela 2.3
544.nab 1.6
557.xz 3.5
Avg-size-increase 2.9

Binary size increase for GNU coreutils
--------------------------------------
bzip2 1.8
gzip 1.4
tar 2.3
grep 1.5
chown 1.3
date 1.4
mkdir 1.4
rm 1.3
sort 1.5
uniq 1.5
Avg-size-increase 1.5

Binary size increase for nginx
------------------------------
1.8

